<?xml version="1.0" encoding="UTF-8"?>
<testsuite xmlns:xsi="http://www.w3.org/2001/XMLSchema-instance" xsi:noNamespaceSchemaLocation="https://maven.apache.org/surefire/maven-surefire-plugin/xsd/surefire-test-report-3.0.xsd" version="3.0" name="com.smartmobility.repository.PrenotazioneRepositoryTest" time="0.469" tests="3" errors="0" skipped="0" failures="0">
  <properties>
[...]
</properties>
  <testcase name="findByMezzoIdAndStato_ReturnsMezzoBookings" classname="com.smartmobility.repository.PrenotazioneRepositoryTest" time="0.02">
    <system-out><![CDATA[2026-06-24T08:58:27.304Z  INFO 3447 --- [           main] t.c.s.AnnotationConfigContextLoaderUtils : Could not detect default configuration classes for test class [com.smartmobility.repository.PrenotazioneRepositoryTest]: PrenotazioneRepositoryTest does not declare any static, non-private, non-final, nested classes annotated with @Configuration.
2026-06-24T08:58:27.319Z  INFO 3447 --- [           main] .b.t.c.SpringBootTestContextBootstrapper : Found @SpringBootConfiguration com.smartmobility.SmartMobilityApplication for test class com.smartmobility.repository.PrenotazioneRepositoryTest

  .   ____          _            __ _ _
 /\\ / ___'_ __ _ _(_)_ __  __ _ \ \ \ \
( ( )\___ | '_ | '_| | '_ \/ _` | \ \ \ \
 \\/  ___)| |_)| | | | | || (_| |  ) ) ) )
  '  |____| .__|_| |_|_| |_\__, | / / / /
 =========|_|==============|___/=/_/_/_/
 :: Spring Boot ::                (v3.2.4)

2026-06-24T08:58:27.339Z  INFO 3447 --- [           main] c.s.r.PrenotazioneRepositoryTest         : Starting PrenotazioneRepositoryTest using Java 21.0.11 with PID 3447 (started by root in /workspace/Smart-Mobility-System)
2026-06-24T08:58:27.339Z  INFO 3447 --- [           main] c.s.r.PrenotazioneRepositoryTest         : The following 1 profile is active: "test"
2026-06-24T08:58:27.386Z  INFO 3447 --- [           main] .s.d.r.c.RepositoryConfigurationDelegate : Bootstrapping Spring Data JPA repositories in DEFAULT mode.
2026-06-24T08:58:27.400Z  INFO 3447 --- [           main] .s.d.r.c.RepositoryConfigurationDelegate : Finished Spring Data repository scanning in 13 ms. Found 11 JPA repository interfaces.
2026-06-24T08:58:27.411Z  INFO 3447 --- [           main] beddedDataSourceBeanFactoryPostProcessor : Replacing 'dataSource' DataSource bean with embedded version
2026-06-24T08:58:27.434Z  INFO 3447 --- [           main] o.s.j.d.e.EmbeddedDatabaseFactory        : Starting embedded database: url='jdbc:h2:mem:469a4548-9c74-4105-a75f-e1b5f004aad7;DB_CLOSE_DELAY=-1;DB_CLOSE_ON_EXIT=false', username='sa'
2026-06-24T08:58:27.448Z  INFO 3447 --- [           main] o.hibernate.jpa.internal.util.LogHelper  : HHH000204: Processing PersistenceUnitInfo [name: default]
2026-06-24T08:58:27.452Z  INFO 3447 --- [           main] o.h.spatial.integration.SpatialService   : HHH80000001: hibernate-spatial integration enabled : true
2026-06-24T08:58:27.452Z  INFO 3447 --- [           main] o.h.c.internal.RegionFactoryInitiator    : HHH000026: Second-level cache disabled
2026-06-24T08:58:27.455Z  WARN 3447 --- [           main] org.hibernate.orm.deprecation            : HHH90000025: H2Dialect does not need to be specified explicitly using 'hibernate.dialect' (remove the property setting and it will be selected by default)
2026-06-24T08:58:27.456Z  INFO 3447 --- [           main] org.hibernate.spatial                    : HHH80000003: hibernate-spatial adding type contributions from : org.hibernate.spatial.dialect.h2gis.H2GisDialectContributor
2026-06-24T08:58:27.458Z  INFO 3447 --- [           main] o.s.o.j.p.SpringPersistenceUnitInfo      : No LoadTimeWeaver setup: ignoring JPA class transformer
2026-06-24T08:58:27.458Z  INFO 3447 --- [           main] org.hibernate.spatial                    : HHH80000003: hibernate-spatial adding type contributions from : org.hibernate.spatial.dialect.h2gis.H2GisDialectContributor
2026-06-24T08:58:27.492Z  INFO 3447 --- [           main] org.hibernate.spatial                    : HHH80000004: hibernate-spatial adding function contributions from : org.hibernate.spatial.dialect.h2gis.H2GisDialectContributor
2026-06-24T08:58:27.557Z  INFO 3447 --- [           main] o.h.e.t.j.p.i.JtaPlatformInitiator       : HHH000489: No JTA platform available (set 'hibernate.transaction.jta.platform' to enable JTA platform integration)
Hibernate: drop table if exists attore cascade 
Hibernate: drop table if exists corsa cascade 
Hibernate: drop table if exists metodo_pagamento cascade 
Hibernate: drop table if exists mezzo cascade 
Hibernate: drop table if exists operatore cascade 
Hibernate: drop table if exists pa cascade 
Hibernate: drop table if exists prenotazione cascade 
Hibernate: drop table if exists segnalazione cascade 
Hibernate: drop table if exists transito cascade 
Hibernate: drop table if exists utente cascade 
Hibernate: drop table if exists zona_geografica cascade 
Hibernate: create table attore (id bigint generated by default as identity, email varchar(255) not null unique, password varchar(255) not null, ruolo varchar(255) check (ruolo in ('Utente','Operatore','PA')), primary key (id))
Hibernate: create table corsa (costo float(24) not null, id_corsa bigint generated by default as identity, id_metodo_pagamento bigint, id_mezzo bigint, id_utente bigint, orario_fine timestamp(6), orario_inizio timestamp(6), coordinate_arrivo varchar(255), coordinate_partenza varchar(255), primary key (id_corsa))
Hibernate: create table metodo_pagamento (id_metodo_pagamento bigint generated by default as identity, id_utente bigint, intestatario_carta varchar(255), num_carta varchar(255), primary key (id_metodo_pagamento))
Hibernate: create table mezzo (autonomia float(24) not null, costo_orario float(24), tempo_disponibilita time(6), velocita_max float(24), id_mezzo bigint generated by default as identity, condizione varchar(255), coordinate_mezzo varchar(255), id_flotta varchar(255), stato varchar(255) check (stato in ('disponibile','prenotato','in_uso','sospeso','bloccato','manutenzione')), tipo varchar(255), primary key (id_mezzo))
Hibernate: create table operatore (id bigint not null, tipo varchar(255) check (tipo in ('OperatoreTecnico','OperatoreSC')), primary key (id))
Hibernate: create table pa (id bigint not null, primary key (id))
Hibernate: create table prenotazione (data date, orario_inizio time(6), id_mezzo bigint, id_prenotazione bigint generated by default as identity, id_utente bigint, stato varchar(255) check (stato in ('attiva','scaduta','annullata','completata')), primary key (id_prenotazione))
Hibernate: create table segnalazione (data date, ora time(6), id_mezzo bigint, id_segnalazione bigint generated by default as identity, stato varchar(255) check (stato in ('aperta','in_lavorazione','chiusa')), primary key (id_segnalazione))
Hibernate: create table transito (id_area bigint not null, id_corsa bigint not null, primary key (id_area, id_corsa))
Hibernate: create table utente (num_mezzi_prenotati integer, id bigint not null, id_utente bigint unique, cognome_utente varchar(255), coordinate_utente varchar(255), nome_utente varchar(255), report_utente varchar(255), stato_utente varchar(255) check (stato_utente in ('attivo','sospeso','disattivato')), telefono varchar(255), primary key (id))
Hibernate: create table zona_geografica (id_area bigint generated by default as identity, note_restrizione varchar(255), tipo_restrizione varchar(255) check (tipo_restrizione in ('divieto_parcheggio','ZTL','limite_velocita')), zona varchar(255), primary key (id_area))
Hibernate: alter table if exists corsa add constraint FK1ibrjlsrhsqq2nn4a69wh4qk2 foreign key (id_metodo_pagamento) references metodo_pagamento
Hibernate: alter table if exists corsa add constraint FKsos5t0igehg9nio0rv78uhy23 foreign key (id_mezzo) references mezzo
Hibernate: alter table if exists corsa add constraint FKpopg8pv36kggm42vyjmponsjr foreign key (id_utente) references utente
Hibernate: alter table if exists metodo_pagamento add constraint FKjltp77xosn7052ri4vp7j4hdh foreign key (id_utente) references utente
Hibernate: alter table if exists operatore add constraint FKghp8g9ln3can0j2dts7h60qis foreign key (id) references attore
Hibernate: alter table if exists pa add constraint FKda9p08wwtya9py9l2q6gvg2yg foreign key (id) references attore
Hibernate: alter table if exists prenotazione add constraint FKkanf67bgjy1u9755whs2rfwpa foreign key (id_mezzo) references mezzo
Hibernate: alter table if exists prenotazione add constraint FKcf4f4g2spway3a3jt5np1ac33 foreign key (id_utente) references utente
Hibernate: alter table if exists segnalazione add constraint FK2mcm9ee128ecrskgb8huiayek foreign key (id_mezzo) references mezzo
Hibernate: alter table if exists utente add constraint FKqx9t2eaia85q83ouj9ypfemwg foreign key (id) references attore
2026-06-24T08:58:27.571Z  INFO 3447 --- [           main] j.LocalContainerEntityManagerFactoryBean : Initialized JPA EntityManagerFactory for persistence unit 'default'
2026-06-24T08:58:27.731Z  INFO 3447 --- [           main] c.s.r.PrenotazioneRepositoryTest         : Started PrenotazioneRepositoryTest in 0.408 seconds (process running for 6.812)
Hibernate: insert into attore (email,password,ruolo,id) values (?,?,?,default)
Hibernate: insert into utente (cognome_utente,coordinate_utente,id_utente,nome_utente,num_mezzi_prenotati,report_utente,stato_utente,telefono,id) values (?,?,?,?,?,?,?,?,?)
Hibernate: insert into mezzo (autonomia,condizione,coordinate_mezzo,costo_orario,id_flotta,stato,tempo_disponibilita,tipo,velocita_max,id_mezzo) values (?,?,?,?,?,?,?,?,?,default)
Hibernate: insert into prenotazione (data,id_mezzo,orario_inizio,stato,id_utente,id_prenotazione) values (?,?,?,?,?,default)
Hibernate: select p1_0.id_prenotazione,p1_0.data,p1_0.id_mezzo,p1_0.orario_inizio,p1_0.stato,p1_0.id_utente from prenotazione p1_0 where p1_0.id_mezzo=? and p1_0.stato=?
]]></system-out>
  </testcase>
  <testcase name="findByStato_ReturnsActiveBookings" classname="com.smartmobility.repository.PrenotazioneRepositoryTest" time="0.01">
    <system-out><![CDATA[Hibernate: insert into attore (email,password,ruolo,id) values (?,?,?,default)
Hibernate: insert into utente (cognome_utente,coordinate_utente,id_utente,nome_utente,num_mezzi_prenotati,report_utente,stato_utente,telefono,id) values (?,?,?,?,?,?,?,?,?)
Hibernate: insert into mezzo (autonomia,condizione,coordinate_mezzo,costo_orario,id_flotta,stato,tempo_disponibilita,tipo,velocita_max,id_mezzo) values (?,?,?,?,?,?,?,?,?,default)
Hibernate: insert into prenotazione (data,id_mezzo,orario_inizio,stato,id_utente,id_prenotazione) values (?,?,?,?,?,default)
Hibernate: insert into prenotazione (data,id_mezzo,orario_inizio,stato,id_utente,id_prenotazione) values (?,?,?,?,?,default)
Hibernate: select p1_0.id_prenotazione,p1_0.data,p1_0.id_mezzo,p1_0.orario_inizio,p1_0.stato,p1_0.id_utente from prenotazione p1_0 where p1_0.stato=?
Hibernate: select p1_0.id_prenotazione,p1_0.data,p1_0.id_mezzo,p1_0.orario_inizio,p1_0.stato,p1_0.id_utente from prenotazione p1_0 where p1_0.stato=?
]]></system-out>
  </testcase>
  <testcase name="findByUtenteIdAndStato_ReturnsUserBookings" classname="com.smartmobility.repository.PrenotazioneRepositoryTest" time="0.006">
    <system-out><![CDATA[Hibernate: insert into attore (email,password,ruolo,id) values (?,?,?,default)
Hibernate: insert into utente (cognome_utente,coordinate_utente,id_utente,nome_utente,num_mezzi_prenotati,report_utente,stato_utente,telefono,id) values (?,?,?,?,?,?,?,?,?)
Hibernate: insert into mezzo (autonomia,condizione,coordinate_mezzo,costo_orario,id_flotta,stato,tempo_disponibilita,tipo,velocita_max,id_mezzo) values (?,?,?,?,?,?,?,?,?,default)
Hibernate: insert into prenotazione (data,id_mezzo,orario_inizio,stato,id_utente,id_prenotazione) values (?,?,?,?,?,default)
Hibernate: select p1_0.id_prenotazione,p1_0.data,p1_0.id_mezzo,p1_0.orario_inizio,p1_0.stato,p1_0.id_utente from prenotazione p1_0 where p1_0.id_utente=? and p1_0.stato=?
]]></system-out>
  </testcase>
</testsuite>