<?xml version="1.0" encoding="UTF-8"?>
<testsuite xmlns:xsi="http://www.w3.org/2001/XMLSchema-instance" xsi:noNamespaceSchemaLocation="https://maven.apache.org/surefire/maven-surefire-plugin/xsd/surefire-test-report-3.0.xsd" version="3.0" name="com.smartmobility.integration.AutenticazioneFlowIntegrationTest" time="2.107" tests="3" errors="0" skipped="0" failures="0">
  <properties>
[...]
</properties>
  <testcase name="emailUniquenessConstraint_ThrowsOnDuplicate" classname="com.smartmobility.integration.AutenticazioneFlowIntegrationTest" time="0.095">
    <system-out><![CDATA[2026-06-26T16:53:27.515Z  INFO 14160 --- [           main] t.c.s.AnnotationConfigContextLoaderUtils : Could not detect default configuration classes for test class [com.smartmobility.integration.AutenticazioneFlowIntegrationTest]: AutenticazioneFlowIntegrationTest does not declare any static, non-private, non-final, nested classes annotated with @Configuration.
2026-06-26T16:53:27.520Z  INFO 14160 --- [           main] .b.t.c.SpringBootTestContextBootstrapper : Found @SpringBootConfiguration com.smartmobility.SmartMobilityApplication for test class com.smartmobility.integration.AutenticazioneFlowIntegrationTest

  .   ____          _            __ _ _
 /\\ / ___'_ __ _ _(_)_ __  __ _ \ \ \ \
( ( )\___ | '_ | '_| | '_ \/ _` | \ \ \ \
 \\/  ___)| |_)| | | | | || (_| |  ) ) ) )
  '  |____| .__|_| |_|_| |_\__, | / / / /
 =========|_|==============|___/=/_/_/_/
 :: Spring Boot ::                (v3.2.4)

2026-06-26T16:53:27.534Z  INFO 14160 --- [           main] c.s.i.AutenticazioneFlowIntegrationTest  : Starting AutenticazioneFlowIntegrationTest using Java 21.0.11 with PID 14160 (started by root in /workspace/Smart-Mobility-System)
2026-06-26T16:53:27.534Z  INFO 14160 --- [           main] c.s.i.AutenticazioneFlowIntegrationTest  : The following 1 profile is active: "test"
2026-06-26T16:53:27.724Z  INFO 14160 --- [           main] .s.d.r.c.RepositoryConfigurationDelegate : Bootstrapping Spring Data JPA repositories in DEFAULT mode.
2026-06-26T16:53:27.767Z  INFO 14160 --- [           main] .s.d.r.c.RepositoryConfigurationDelegate : Finished Spring Data repository scanning in 39 ms. Found 11 JPA repository interfaces.
2026-06-26T16:53:27.903Z  INFO 14160 --- [           main] o.hibernate.jpa.internal.util.LogHelper  : HHH000204: Processing PersistenceUnitInfo [name: default]
2026-06-26T16:53:27.936Z  INFO 14160 --- [           main] org.hibernate.Version                    : HHH000412: Hibernate ORM core version 6.4.4.Final
2026-06-26T16:53:27.940Z  INFO 14160 --- [           main] o.h.spatial.integration.SpatialService   : HHH80000001: hibernate-spatial integration enabled : true
2026-06-26T16:53:27.952Z  INFO 14160 --- [           main] o.h.c.internal.RegionFactoryInitiator    : HHH000026: Second-level cache disabled
2026-06-26T16:53:28.001Z  INFO 14160 --- [           main] com.zaxxer.hikari.HikariDataSource       : HikariPool-1 - Starting...
2026-06-26T16:53:28.117Z  INFO 14160 --- [           main] com.zaxxer.hikari.pool.HikariPool        : HikariPool-1 - Added connection conn0: url=jdbc:h2:mem:testdb user=SA
2026-06-26T16:53:28.118Z  INFO 14160 --- [           main] com.zaxxer.hikari.HikariDataSource       : HikariPool-1 - Start completed.
2026-06-26T16:53:28.129Z  WARN 14160 --- [           main] org.hibernate.orm.deprecation            : HHH90000025: H2Dialect does not need to be specified explicitly using 'hibernate.dialect' (remove the property setting and it will be selected by default)
2026-06-26T16:53:28.143Z  INFO 14160 --- [           main] org.hibernate.spatial                    : HHH80000003: hibernate-spatial adding type contributions from : org.hibernate.spatial.dialect.h2gis.H2GisDialectContributor
2026-06-26T16:53:28.152Z  INFO 14160 --- [           main] o.s.o.j.p.SpringPersistenceUnitInfo      : No LoadTimeWeaver setup: ignoring JPA class transformer
2026-06-26T16:53:28.165Z  INFO 14160 --- [           main] org.hibernate.spatial                    : HHH80000003: hibernate-spatial adding type contributions from : org.hibernate.spatial.dialect.h2gis.H2GisDialectContributor
2026-06-26T16:53:28.305Z  INFO 14160 --- [           main] org.hibernate.spatial                    : HHH80000004: hibernate-spatial adding function contributions from : org.hibernate.spatial.dialect.h2gis.H2GisDialectContributor
2026-06-26T16:53:28.568Z  INFO 14160 --- [           main] o.h.e.t.j.p.i.JtaPlatformInitiator       : HHH000489: No JTA platform available (set 'hibernate.transaction.jta.platform' to enable JTA platform integration)
2026-06-26T16:53:28.603Z  INFO 14160 --- [           main] j.LocalContainerEntityManagerFactoryBean : Initialized JPA EntityManagerFactory for persistence unit 'default'
2026-06-26T16:53:28.849Z  INFO 14160 --- [           main] o.s.d.j.r.query.QueryEnhancerFactory     : Hibernate is in classpath; If applicable, HQL parser will be used.
2026-06-26T16:53:29.470Z  INFO 14160 --- [           main] c.s.i.AutenticazioneFlowIntegrationTest  : Started AutenticazioneFlowIntegrationTest in 1.948 seconds (process running for 5.917)
2026-06-26T16:53:29.560Z  WARN 14160 --- [           main] o.h.engine.jdbc.spi.SqlExceptionHelper   : SQL Error: 23505, SQLState: 23505
2026-06-26T16:53:29.560Z ERROR 14160 --- [           main] o.h.engine.jdbc.spi.SqlExceptionHelper   : Unique index or primary key violation: "PUBLIC.CONSTRAINT_INDEX_7 ON PUBLIC.ATTORE(EMAIL NULLS FIRST) VALUES ( /* 1 */ 'duplicate@example.com' )"; SQL statement:
insert into attore (email,password,ruolo,id) values (?,?,?,default) [23505-224]
]]></system-out>
  </testcase>
  <testcase name="registerUser_PersistsAttoreAndUtente" classname="com.smartmobility.integration.AutenticazioneFlowIntegrationTest" time="0.046"/>
  <testcase name="findAttoreByEmail_ReturnsCorrectUser" classname="com.smartmobility.integration.AutenticazioneFlowIntegrationTest" time="0.008"/>
</testsuite>