<?xml version="1.0" encoding="UTF-8"?>
<testsuite xmlns:xsi="http://www.w3.org/2001/XMLSchema-instance" xsi:noNamespaceSchemaLocation="https://maven.apache.org/surefire/maven-surefire-plugin/xsd/surefire-test-report-3.0.xsd" version="3.0" name="com.smartmobility.repository.CorsaRepositoryTest" time="1.434" tests="2" errors="0" skipped="0" failures="0">
  <properties>
[...]
</properties>
  <testcase name="findByUtenteIdAndOrarioFineIsNull_ReturnsActiveRides" classname="com.smartmobility.repository.CorsaRepositoryTest" time="0.096">
    <system-out><![CDATA[2026-06-24T11:44:05.065+02:00  INFO 64299 --- [           main] t.c.s.AnnotationConfigContextLoaderUtils : Could not detect default configuration classes for test class [com.smartmobility.repository.CorsaRepositoryTest]: CorsaRepositoryTest does not declare any static, non-private, non-final, nested classes annotated with @Configuration.
2026-06-24T11:44:05.071+02:00  INFO 64299 --- [           main] .b.t.c.SpringBootTestContextBootstrapper : Found @SpringBootConfiguration com.smartmobility.SmartMobilityApplication for test class com.smartmobility.repository.CorsaRepositoryTest

  .   ____          _            __ _ _
 /\\ / ___'_ __ _ _(_)_ __  __ _ \ \ \ \
( ( )\___ | '_ | '_| | '_ \/ _` | \ \ \ \
 \\/  ___)| |_)| | | | | || (_| |  ) ) ) )
  '  |____| .__|_| |_|_| |_\__, | / / / /
 =========|_|==============|___/=/_/_/_/
 :: Spring Boot ::                (v3.2.4)

2026-06-24T11:44:05.083+02:00  INFO 64299 --- [           main] c.s.repository.CorsaRepositoryTest       : Starting CorsaRepositoryTest using Java 26.0.1 with PID 64299 (started by zero in /home/zero/Raccolta/Build_Lab/Workspace/Smart-Mobility-System)
2026-06-24T11:44:05.083+02:00  INFO 64299 --- [           main] c.s.repository.CorsaRepositoryTest       : The following 1 profile is active: "test"
2026-06-24T11:44:05.134+02:00  INFO 64299 --- [           main] .s.d.r.c.RepositoryConfigurationDelegate : Bootstrapping Spring Data JPA repositories in DEFAULT mode.
2026-06-24T11:44:05.161+02:00  INFO 64299 --- [           main] .s.d.r.c.RepositoryConfigurationDelegate : Finished Spring Data repository scanning in 24 ms. Found 11 JPA repository interfaces.
2026-06-24T11:44:05.179+02:00  INFO 64299 --- [           main] beddedDataSourceBeanFactoryPostProcessor : Replacing 'dataSource' DataSource bean with embedded version
2026-06-24T11:44:05.204+02:00  INFO 64299 --- [           main] o.s.j.d.e.EmbeddedDatabaseFactory        : Starting embedded database: url='jdbc:h2:mem:ac47a6ea-1052-4b0b-bde9-23f0bb215bbb;DB_CLOSE_DELAY=-1;DB_CLOSE_ON_EXIT=false', username='sa'
2026-06-24T11:44:05.320+02:00  INFO 64299 --- [           main] o.hibernate.jpa.internal.util.LogHelper  : HHH000204: Processing PersistenceUnitInfo [name: default]
2026-06-24T11:44:05.344+02:00  INFO 64299 --- [           main] org.hibernate.Version                    : HHH000412: Hibernate ORM core version 6.4.4.Final
2026-06-24T11:44:05.348+02:00  INFO 64299 --- [           main] o.h.spatial.integration.SpatialService   : HHH80000001: hibernate-spatial integration enabled : true
2026-06-24T11:44:05.360+02:00  INFO 64299 --- [           main] o.h.c.internal.RegionFactoryInitiator    : HHH000026: Second-level cache disabled
2026-06-24T11:44:05.419+02:00  WARN 64299 --- [           main] org.hibernate.orm.deprecation            : HHH90000025: H2Dialect does not need to be specified explicitly using 'hibernate.dialect' (remove the property setting and it will be selected by default)
2026-06-24T11:44:05.436+02:00  INFO 64299 --- [           main] org.hibernate.spatial                    : HHH80000003: hibernate-spatial adding type contributions from : org.hibernate.spatial.dialect.h2gis.H2GisDialectContributor
2026-06-24T11:44:05.454+02:00  INFO 64299 --- [           main] o.s.o.j.p.SpringPersistenceUnitInfo      : No LoadTimeWeaver setup: ignoring JPA class transformer
2026-06-24T11:44:05.467+02:00  INFO 64299 --- [           main] org.hibernate.spatial                    : HHH80000003: hibernate-spatial adding type contributions from : org.hibernate.spatial.dialect.h2gis.H2GisDialectContributor
2026-06-24T11:44:05.634+02:00  INFO 64299 --- [           main] org.hibernate.spatial                    : HHH80000004: hibernate-spatial adding function contributions from : org.hibernate.spatial.dialect.h2gis.H2GisDialectContributor
2026-06-24T11:44:05.916+02:00  INFO 64299 --- [           main] o.h.e.t.j.p.i.JtaPlatformInitiator       : HHH000489: No JTA platform available (set 'hibernate.transaction.jta.platform' to enable JTA platform integration)
Hibernate: drop table if exists attore cascade 
Hibernate: drop table if exists corsa cascade 
Hibernate: drop table if exists metodo_pagamento cascade 
Hibernate: drop table if exists mezzo cascade 
Hibernate: drop table if exists operatore cascade 
Hibernate: drop table if exists pa cascade 
Hibernate: drop table if exists prenotazione cascade 
Hibernate: drop table if exists segnalazione cascade 
Hibernate: drop table if exists transito cascade 
Hibernate: drop table if exists utente cascade 
Hibernate: drop table if exists zona_geografica cascade 
Hibernate: create table attore (id bigint generated by default as identity, email varchar(255) not null unique, password varchar(255) not null, ruolo varchar(255) check (ruolo in ('Utente','Operatore','PA')), primary key (id))
Hibernate: create table corsa (costo float(24) not null, id_corsa bigint generated by default as identity, id_metodo_pagamento bigint, id_mezzo bigint, id_utente bigint, orario_fine timestamp(6), orario_inizio timestamp(6), coordinate_arrivo varchar(255), coordinate_partenza varchar(255), primary key (id_corsa))
Hibernate: create table metodo_pagamento (id_metodo_pagamento bigint generated by default as identity, id_utente bigint, intestatario_carta varchar(255), num_carta varchar(255), primary key (id_metodo_pagamento))
Hibernate: create table mezzo (autonomia float(24) not null, costo_orario float(24), tempo_disponibilita time(6), velocita_max float(24), id_mezzo bigint generated by default as identity, condizione varchar(255), coordinate_mezzo varchar(255), id_flotta varchar(255), stato varchar(255) check (stato in ('disponibile','prenotato','in_uso','sospeso','bloccato','manutenzione')), tipo varchar(255), primary key (id_mezzo))
Hibernate: create table operatore (id bigint not null, tipo varchar(255) check (tipo in ('OperatoreTecnico','OperatoreSC')), primary key (id))
Hibernate: create table pa (id bigint not null, primary key (id))
Hibernate: create table prenotazione (data date, orario_inizio time(6), id_mezzo bigint, id_prenotazione bigint generated by default as identity, id_utente bigint, stato varchar(255) check (stato in ('attiva','scaduta','annullata','completata')), primary key (id_prenotazione))
Hibernate: create table segnalazione (data date, ora time(6), id_mezzo bigint, id_segnalazione bigint generated by default as identity, stato varchar(255) check (stato in ('aperta','in_lavorazione','chiusa')), primary key (id_segnalazione))
Hibernate: create table transito (id_area bigint not null, id_corsa bigint not null, primary key (id_area, id_corsa))
Hibernate: create table utente (num_mezzi_prenotati integer, id bigint not null, id_utente bigint unique, cognome_utente varchar(255), coordinate_utente varchar(255), nome_utente varchar(255), report_utente varchar(255), stato_utente varchar(255) check (stato_utente in ('attivo','sospeso','disattivato')), telefono varchar(255), primary key (id))
Hibernate: create table zona_geografica (id_area bigint generated by default as identity, note_restrizione varchar(255), tipo_restrizione varchar(255) check (tipo_restrizione in ('divieto_parcheggio','ZTL','limite_velocita')), zona varchar(255), primary key (id_area))
Hibernate: alter table if exists corsa add constraint FK1ibrjlsrhsqq2nn4a69wh4qk2 foreign key (id_metodo_pagamento) references metodo_pagamento
Hibernate: alter table if exists corsa add constraint FKsos5t0igehg9nio0rv78uhy23 foreign key (id_mezzo) references mezzo
Hibernate: alter table if exists corsa add constraint FKpopg8pv36kggm42vyjmponsjr foreign key (id_utente) references utente
Hibernate: alter table if exists metodo_pagamento add constraint FKjltp77xosn7052ri4vp7j4hdh foreign key (id_utente) references utente
Hibernate: alter table if exists operatore add constraint FKghp8g9ln3can0j2dts7h60qis foreign key (id) references attore
Hibernate: alter table if exists pa add constraint FKda9p08wwtya9py9l2q6gvg2yg foreign key (id) references attore
Hibernate: alter table if exists prenotazione add constraint FKkanf67bgjy1u9755whs2rfwpa foreign key (id_mezzo) references mezzo
Hibernate: alter table if exists prenotazione add constraint FKcf4f4g2spway3a3jt5np1ac33 foreign key (id_utente) references utente
Hibernate: alter table if exists segnalazione add constraint FK2mcm9ee128ecrskgb8huiayek foreign key (id_mezzo) references mezzo
Hibernate: alter table if exists utente add constraint FKqx9t2eaia85q83ouj9ypfemwg foreign key (id) references attore
2026-06-24T11:44:05.955+02:00  INFO 64299 --- [           main] j.LocalContainerEntityManagerFactoryBean : Initialized JPA EntityManagerFactory for persistence unit 'default'
2026-06-24T11:44:06.157+02:00  INFO 64299 --- [           main] o.s.d.j.r.query.QueryEnhancerFactory     : Hibernate is in classpath; If applicable, HQL parser will be used.
2026-06-24T11:44:06.387+02:00  INFO 64299 --- [           main] c.s.repository.CorsaRepositoryTest       : Started CorsaRepositoryTest in 1.315 seconds (process running for 4.195)
Hibernate: insert into attore (email,password,ruolo,id) values (?,?,?,default)
Hibernate: insert into utente (cognome_utente,coordinate_utente,id_utente,nome_utente,num_mezzi_prenotati,report_utente,stato_utente,telefono,id) values (?,?,?,?,?,?,?,?,?)
Hibernate: insert into mezzo (autonomia,condizione,coordinate_mezzo,costo_orario,id_flotta,stato,tempo_disponibilita,tipo,velocita_max,id_mezzo) values (?,?,?,?,?,?,?,?,?,default)
Hibernate: insert into corsa (coordinate_arrivo,coordinate_partenza,costo,id_metodo_pagamento,id_mezzo,orario_fine,orario_inizio,id_utente,id_corsa) values (?,?,?,?,?,?,?,?,default)
Hibernate: update utente set cognome_utente=?,coordinate_utente=?,id_utente=?,nome_utente=?,num_mezzi_prenotati=?,report_utente=?,stato_utente=?,telefono=? where id=?
Hibernate: select c1_0.id_corsa,c1_0.coordinate_arrivo,c1_0.coordinate_partenza,c1_0.costo,c1_0.id_metodo_pagamento,c1_0.id_mezzo,c1_0.orario_fine,c1_0.orario_inizio,c1_0.id_utente from corsa c1_0 left join utente u1_0 on u1_0.id=c1_0.id_utente where u1_0.id=? and c1_0.orario_fine is null
]]></system-out>
  </testcase>
  <testcase name="findByDataRange_ReturnsCorrectRides" classname="com.smartmobility.repository.CorsaRepositoryTest" time="0.013">
    <system-out><![CDATA[Hibernate: insert into attore (email,password,ruolo,id) values (?,?,?,default)
Hibernate: insert into utente (cognome_utente,coordinate_utente,id_utente,nome_utente,num_mezzi_prenotati,report_utente,stato_utente,telefono,id) values (?,?,?,?,?,?,?,?,?)
Hibernate: insert into mezzo (autonomia,condizione,coordinate_mezzo,costo_orario,id_flotta,stato,tempo_disponibilita,tipo,velocita_max,id_mezzo) values (?,?,?,?,?,?,?,?,?,default)
Hibernate: insert into corsa (coordinate_arrivo,coordinate_partenza,costo,id_metodo_pagamento,id_mezzo,orario_fine,orario_inizio,id_utente,id_corsa) values (?,?,?,?,?,?,?,?,default)
Hibernate: insert into corsa (coordinate_arrivo,coordinate_partenza,costo,id_metodo_pagamento,id_mezzo,orario_fine,orario_inizio,id_utente,id_corsa) values (?,?,?,?,?,?,?,?,default)
Hibernate: select c1_0.id_corsa,c1_0.coordinate_arrivo,c1_0.coordinate_partenza,c1_0.costo,c1_0.id_metodo_pagamento,c1_0.id_mezzo,c1_0.orario_fine,c1_0.orario_inizio,c1_0.id_utente from corsa c1_0 where c1_0.orario_inizio>=? and c1_0.orario_fine<=?
]]></system-out>
  </testcase>
</testsuite>